[    0.000000] Linux version 4.15.0-212-generic (buildd@lcy02-amd64-083) (gcc version 7.5.0 (Ubuntu 7.5.0-3ubuntu1~18.04)) #223-Ubuntu SMP Tue May 23 13:09:22 UTC 2023 (Ubuntu 4.15.0-212.223-generic 4.15.18)
[    0.000000] Command line: BOOT_IMAGE=/boot/vmlinuz-4.15.0-212-generic root=LABEL=cloudimg-rootfs ro console=tty1 console=ttyS0
[    0.000000] KERNEL supported cpus:
[    0.000000]   Intel GenuineIntel
[    0.000000]   AMD AuthenticAMD
[    0.000000]   Centaur CentaurHauls
[    0.000000] x86/fpu: Supporting XSAVE feature 0x001: 'x87 floating point registers'
[    0.000000] x86/fpu: Supporting XSAVE feature 0x002: 'SSE registers'
[    0.000000] x86/fpu: Supporting XSAVE feature 0x004: 'AVX registers'
[    0.000000] x86/fpu: xstate_offset[2]:  576, xstate_sizes[2]:  256
[    0.000000] x86/fpu: Enabled xstate features 0x7, context size is 832 bytes, using 'standard' format.
[    0.000000] e820: BIOS-provided physical RAM map:
[    0.000000] BIOS-e820: [mem 0x0000000000000000-0x000000000009fbff] usable
[    0.000000] BIOS-e820: [mem 0x000000000009fc00-0x000000000009ffff] reserved
[    0.000000] BIOS-e820: [mem 0x00000000000f0000-0x00000000000fffff] reserved
[    0.000000] BIOS-e820: [mem 0x0000000000100000-0x000000007ffeffff] usable
[    0.000000] BIOS-e820: [mem 0x000000007fff0000-0x000000007fffffff] ACPI data
[    0.000000] BIOS-e820: [mem 0x00000000fec00000-0x00000000fec00fff] reserved
[    0.000000] BIOS-e820: [mem 0x00000000fee00000-0x00000000fee00fff] reserved
[    0.000000] BIOS-e820: [mem 0x00000000fffc0000-0x00000000ffffffff] reserved
[    0.000000] NX (Execute Disable) protection: active
[    0.000000] SMBIOS 2.5 present.
[    0.000000] DMI: innotek GmbH VirtualBox/VirtualBox, BIOS VirtualBox 12/01/2006
[    0.000000] Hypervisor detected: KVM
[    0.000000] e820: last_pfn = 0x7fff0 max_arch_pfn = 0x400000000
[    0.000000] MTRR: Disabled
[    0.000000] x86/PAT: MTRRs disabled, skipping PAT initialization too.
[    0.000000] CPU MTRRs all blank - virtualized system.
[    0.000000] x86/PAT: Configuration [0-7]: WB  WT  UC- UC  WB  WT  UC- UC  
[    0.000000] found SMP MP-table at [mem 0x0009fff0-0x0009ffff]
[    0.000000] Scanning 1 areas for low memory corruption
[    0.000000] RAMDISK: [mem 0x359cb000-0x36cdcfff]
[    0.000000] ACPI: Early table checksum verification disabled
[    0.000000] ACPI: RSDP 0x00000000000E0000 000024 (v02 VBOX  )
[    0.000000] ACPI: XSDT 0x000000007FFF0030 00003C (v01 VBOX   VBOXXSDT 00000001 ASL  00000061)
[    0.000000] ACPI: FACP 0x000000007FFF00F0 0000F4 (v04 VBOX   VBOXFACP 00000001 ASL  00000061)
[    0.000000] ACPI: DSDT 0x000000007FFF0610 002353 (v02 VBOX   VBOXBIOS 00000002 INTL 20210930)
[    0.000000] ACPI: FACS 0x000000007FFF0200 000040
[    0.000000] ACPI: FACS 0x000000007FFF0200 000040
[    0.000000] ACPI: APIC 0x000000007FFF0240 00005C (v02 VBOX   VBOXAPIC 00000001 ASL  00000061)
[    0.000000] ACPI: SSDT 0x000000007FFF02A0 00036C (v01 VBOX   VBOXCPUT 00000002 INTL 20210930)
[    0.000000] ACPI: Reserving FACP table memory at [mem 0x7fff00f0-0x7fff01e3]
[    0.000000] ACPI: Reserving DSDT table memory at [mem 0x7fff0610-0x7fff2962]
[    0.000000] ACPI: Reserving FACS table memory at [mem 0x7fff0200-0x7fff023f]
[    0.000000] ACPI: Reserving FACS table memory at [mem 0x7fff0200-0x7fff023f]
[    0.000000] ACPI: Reserving APIC table memory at [mem 0x7fff0240-0x7fff029b]
[    0.000000] ACPI: Reserving SSDT table memory at [mem 0x7fff02a0-0x7fff060b]
[    0.000000] No NUMA configuration found
[    0.000000] Faking a node at [mem 0x0000000000000000-0x000000007ffeffff]
[    0.000000] NODE_DATA(0) allocated [mem 0x7ffc5000-0x7ffeffff]
[    0.000000] kvm-clock: cpu 0, msr 0:7ff44001, primary cpu clock
[    0.000000] kvm-clock: Using msrs 4b564d01 and 4b564d00
[    0.000000] kvm-clock: using sched offset of 3618082153 cycles
[    0.000000] clocksource: kvm-clock: mask: 0xffffffffffffffff max_cycles: 0x1cd42e4dffb, max_idle_ns: 881590591483 ns
[    0.000000] Zone ranges:
[    0.000000]   DMA      [mem 0x0000000000001000-0x0000000000ffffff]
[    0.000000]   DMA32    [mem 0x0000000001000000-0x000000007ffeffff]
[    0.000000]   Normal   empty
[    0.000000]   Device   empty
[    0.000000] Movable zone start for each node
[    0.000000] Early memory node ranges
[    0.000000]   node   0: [mem 0x0000000000001000-0x000000000009efff]
[    0.000000]   node   0: [mem 0x0000000000100000-0x000000007ffeffff]
[    0.000000] Reserved but unavailable: 104 pages
[    0.000000] Initmem setup node 0 [mem 0x0000000000001000-0x000000007ffeffff]
[    0.000000] ACPI: PM-Timer IO Port: 0x4008
[    0.000000] IOAPIC[0]: apic_id 2, version 32, address 0xfec00000, GSI 0-23
[    0.000000] ACPI: INT_SRC_OVR (bus 0 bus_irq 0 global_irq 2 dfl dfl)
[    0.000000] ACPI: INT_SRC_OVR (bus 0 bus_irq 9 global_irq 9 low level)
[    0.000000] Using ACPI (MADT) for SMP configuration information
[    0.000000] smpboot: Allowing 2 CPUs, 0 hotplug CPUs
[    0.000000] PM: Registered nosave memory: [mem 0x00000000-0x00000fff]
[    0.000000] PM: Registered nosave memory: [mem 0x0009f000-0x0009ffff]
[    0.000000] PM: Registered nosave memory: [mem 0x000a0000-0x000effff]
[    0.000000] PM: Registered nosave memory: [mem 0x000f0000-0x000fffff]
[    0.000000] e820: [mem 0x80000000-0xfebfffff] available for PCI devices
[    0.000000] Booting paravirtualized kernel on KVM
[    0.000000] clocksource: refined-jiffies: mask: 0xffffffff max_cycles: 0xffffffff, max_idle_ns: 7645519600211568 ns
[    0.000000] setup_percpu: NR_CPUS:8192 nr_cpumask_bits:2 nr_cpu_ids:2 nr_node_ids:1
[    0.000000] percpu: Embedded 50 pages/cpu s167936 r8192 d28672 u1048576
[    0.000000] PV qspinlock hash table entries: 256 (order: 0, 4096 bytes)
[    0.000000] Built 1 zonelists, mobility grouping on.  Total pages: 515961
[    0.000000] Policy zone: DMA32
[    0.000000] Kernel command line: BOOT_IMAGE=/boot/vmlinuz-4.15.0-212-generic root=LABEL=cloudimg-rootfs ro console=tty1 console=ttyS0
[    0.000000] Memory: 2014836K/2096696K available (12300K kernel code, 2477K rwdata, 4324K rodata, 2480K init, 2720K bss, 81860K reserved, 0K cma-reserved)
[    0.000000] SLUB: HWalign=64, Order=0-3, MinObjects=0, CPUs=2, Nodes=1
[    0.000000] Kernel/User page tables isolation: enabled
[    0.000000] ftrace: allocating 39508 entries in 155 pages
[    0.004000] Hierarchical RCU implementation.
[    0.004000] 	RCU restricting CPUs from NR_CPUS=8192 to nr_cpu_ids=2.
[    0.004000] 	Tasks RCU enabled.
[    0.004000] RCU: Adjusting geometry for rcu_fanout_leaf=16, nr_cpu_ids=2
[    0.004000] NR_IRQS: 524544, nr_irqs: 440, preallocated irqs: 16
[    0.004000] random: crng init done
[    0.004000] Console: colour VGA+ 80x25
[    0.004000] console [tty1] enabled
[    0.004000] console [ttyS0] enabled
[    0.004000] ACPI: Core revision 20170831
[    0.004000] ACPI: 2 ACPI AML tables successfully acquired and loaded
[    0.004000] APIC: Switch to symmetric I/O mode setup
[    0.005690] x2apic enabled
[    0.008032] Switched APIC routing to physical x2apic.
[    0.016000] ..TIMER: vector=0x30 apic1=0 pin1=2 apic2=-1 pin2=-1
[    0.016004] tsc: Detected 2305.996 MHz processor
[    0.018763] Calibrating delay loop (skipped) preset value.. 4611.99 BogoMIPS (lpj=9223984)
[    0.020003] pid_max: default: 32768 minimum: 301
[    0.024044] Security Framework initialized
[    0.028003] Yama: becoming mindful.
[    0.030246] AppArmor: AppArmor initialized
[    0.037779] Dentry cache hash table entries: 262144 (order: 9, 2097152 bytes)
[    0.044225] Inode-cache hash table entries: 131072 (order: 8, 1048576 bytes)
[    0.048069] Mount-cache hash table entries: 4096 (order: 3, 32768 bytes)
[    0.052059] Mountpoint-cache hash table entries: 4096 (order: 3, 32768 bytes)
[    0.061339] Last level iTLB entries: 4KB 0, 2MB 0, 4MB 0
[    0.064002] Last level dTLB entries: 4KB 0, 2MB 0, 4MB 0, 1GB 0
[    0.068019] Spectre V1 : Mitigation: usercopy/swapgs barriers and __user pointer sanitization
[    0.072003] Spectre V2 : Mitigation: Retpolines
[    0.076002] Spectre V2 : Spectre v2 / SpectreRSB mitigation: Filling RSB on context switch
[    0.080002] Spectre V2 : Spectre v2 / SpectreRSB : Filling RSB on VMEXIT
[    0.084002] RETBleed: WARNING: Spectre v2 mitigation leaves CPU vulnerable to RETBleed attacks, data leaks possible!
[    0.088002] RETBleed: Vulnerable
[    0.090043] Speculative Store Bypass: Vulnerable
[    0.092109] MDS: Mitigation: Clear CPU buffers
[    0.096002] MMIO Stale Data: Mitigation: Clear CPU buffers
[    0.099234] SRBDS: Unknown: Dependent on hypervisor status
[    0.100184] Freeing SMP alternatives memory: 36K
[    0.222867] APIC calibration not consistent with PM-Timer: 103ms instead of 100ms
[    0.224000] APIC delta adjusted to PM-Timer: 6295374 (6540275)
[    0.224248] smpboot: CPU0: Intel(R) Core(TM) i7-1068NG7 CPU @ 2.30GHz (family: 0x6, model: 0x7e, stepping: 0x5)
[    0.228233] Performance Events: unsupported p6 CPU model 126 no PMU driver, software events only.
[    0.232086] Hierarchical SRCU implementation.
[    0.236614] NMI watchdog: Perf event create on CPU 0 failed with -2
[    0.240002] NMI watchdog: Perf NMI watchdog permanently disabled
[    0.244158] smp: Bringing up secondary CPUs ...
[    0.248368] x86: Booting SMP configuration:
[    0.250882] .... node  #0, CPUs:      #1
[    0.004000] kvm-clock: cpu 1, msr 0:7ff44041, secondary cpu clock
[    0.256092] smp: Brought up 1 node, 2 CPUs
[    0.260005] smpboot: Max logical packages: 1
[    0.262863] smpboot: Total of 2 processors activated (9223.98 BogoMIPS)
[    0.264255] devtmpfs: initialized
[    0.268070] x86/mm: Memory block size: 128MB
[    0.270850] evm: security.selinux
[    0.272003] evm: security.SMACK64
[    0.273991] evm: security.SMACK64EXEC
[    0.276002] evm: security.SMACK64TRANSMUTE
[    0.278450] evm: security.SMACK64MMAP
[    0.280002] evm: security.apparmor
[    0.282032] evm: security.ima
[    0.284003] evm: security.capability
[    0.288193] clocksource: jiffies: mask: 0xffffffff max_cycles: 0xffffffff, max_idle_ns: 7645041785100000 ns
[    0.292009] futex hash table entries: 512 (order: 3, 32768 bytes)
[    0.295563] pinctrl core: initialized pinctrl subsystem
[    0.296378] RTC time: 16:46:46, date: 06/18/23
[    0.300351] NET: Registered protocol family 16
[    0.304097] audit: initializing netlink subsys (disabled)
[    0.308065] audit: type=2000 audit(1687106811.564:1): state=initialized audit_enabled=0 res=1
[    0.312008] cpuidle: using governor ladder
[    0.314584] cpuidle: using governor menu
[    0.316042] ACPI: bus type PCI registered
[    0.320003] acpiphp: ACPI Hot Plug PCI Controller Driver version: 0.5
[    0.324344] PCI: Using configuration type 1 for base access
[    0.329200] HugeTLB registered 2.00 MiB page size, pre-allocated 0 pages
[    0.332167] ACPI: Added _OSI(Module Device)
[    0.336003] ACPI: Added _OSI(Processor Device)
[    0.340003] ACPI: Added _OSI(3.0 _SCP Extensions)
[    0.342728] ACPI: Added _OSI(Processor Aggregator Device)
[    0.344003] ACPI: Added _OSI(Linux-Dell-Video)
[    0.348003] ACPI: Added _OSI(Linux-Lenovo-NV-HDMI-Audio)
[    0.351050] ACPI: Added _OSI(Linux-HPI-Hybrid-Graphics)
[    0.352675] ACPI: Executed 1 blocks of module-level executable AML code
[    0.362254] ACPI: Interpreter enabled
[    0.364013] ACPI: (supports S0 S5)
[    0.366131] ACPI: Using IOAPIC for interrupt routing
[    0.368371] PCI: Using host bridge windows from ACPI; if necessary, use "pci=nocrs" and report a bug
[    0.372216] ACPI: Enabled 2 GPEs in block 00 to 07
[    0.386405] ACPI: PCI Root Bridge [PCI0] (domain 0000 [bus 00-ff])
[    0.388008] acpi PNP0A03:00: _OSC: OS supports [ASPM ClockPM Segments MSI]
[    0.392721] acpi PNP0A03:00: _OSC: not requesting OS control; OS requires [ExtendedConfig ASPM ClockPM MSI]
[    0.396016] acpi PNP0A03:00: fail to add MMCONFIG information, can't access extended PCI configuration space under this bridge.
[    0.400675] PCI host bridge to bus 0000:00
[    0.403115] pci_bus 0000:00: root bus resource [io  0x0000-0x0cf7 window]
[    0.404006] pci_bus 0000:00: root bus resource [io  0x0d00-0xffff window]
[    0.408007] pci_bus 0000:00: root bus resource [mem 0x000a0000-0x000bffff window]
[    0.412010] pci_bus 0000:00: root bus resource [mem 0x80000000-0xfdffffff window]
[    0.416007] pci_bus 0000:00: root bus resource [bus 00-ff]
[    0.424962] pci 0000:00:01.1: legacy IDE quirk: reg 0x10: [io  0x01f0-0x01f7]
[    0.428003] pci 0000:00:01.1: legacy IDE quirk: reg 0x14: [io  0x03f6]
[    0.432003] pci 0000:00:01.1: legacy IDE quirk: reg 0x18: [io  0x0170-0x0177]
[    0.436004] pci 0000:00:01.1: legacy IDE quirk: reg 0x1c: [io  0x0376]
[    0.488964] pci 0000:00:07.0: quirk: [io  0x4000-0x403f] claimed by PIIX4 ACPI
[    0.492031] pci 0000:00:07.0: quirk: [io  0x4100-0x410f] claimed by PIIX4 SMB
[    0.514238] ACPI: PCI Interrupt Link [LNKA] (IRQs 5 9 10 *11)
[    0.516495] ACPI: PCI Interrupt Link [LNKB] (IRQs 5 9 *10 11)
[    0.520179] ACPI: PCI Interrupt Link [LNKC] (IRQs 5 *9 10 11)
[    0.524179] ACPI: PCI Interrupt Link [LNKD] (IRQs 5 9 10 *11)
[    0.528474] SCSI subsystem initialized
[    0.530824] pci 0000:00:02.0: vgaarb: setting as boot VGA device
[    0.532000] pci 0000:00:02.0: vgaarb: VGA device added: decodes=io+mem,owns=io+mem,locks=none
[    0.532034] pci 0000:00:02.0: vgaarb: bridge control possible
[    0.535340] vgaarb: loaded
[    0.536054] ACPI: bus type USB registered
[    0.538544] usbcore: registered new interface driver usbfs
[    0.540018] usbcore: registered new interface driver hub
[    0.544011] usbcore: registered new device driver usb
[    0.548115] EDAC MC: Ver: 3.0.0
[    0.552707] PCI: Using ACPI for IRQ routing
[    0.555334] NetLabel: Initializing
[    0.556003] NetLabel:  domain hash size = 128
[    0.560002] NetLabel:  protocols = UNLABELED CIPSOv4 CALIPSO
[    0.563502] NetLabel:  unlabeled traffic allowed by default
[    0.564131] clocksource: Switched to clocksource kvm-clock
[    0.587783] VFS: Disk quotas dquot_6.6.0
[    0.590309] VFS: Dquot-cache hash table entries: 512 (order 0, 4096 bytes)
[    0.594814] AppArmor: AppArmor Filesystem Enabled
[    0.598316] pnp: PnP ACPI init
[    0.602729] pnp: PnP ACPI: found 3 devices
[    0.622118] clocksource: acpi_pm: mask: 0xffffff max_cycles: 0xffffff, max_idle_ns: 2085701024 ns
[    0.627792] NET: Registered protocol family 2
[    0.632098] IP idents hash table entries: 32768 (order: 6, 262144 bytes)
[    0.638302] TCP established hash table entries: 16384 (order: 5, 131072 bytes)
[    0.642786] TCP bind hash table entries: 16384 (order: 6, 262144 bytes)
[    0.646898] TCP: Hash tables configured (established 16384 bind 16384)
[    0.650841] UDP hash table entries: 1024 (order: 3, 32768 bytes)
[    0.654367] UDP-Lite hash table entries: 1024 (order: 3, 32768 bytes)
[    0.658473] NET: Registered protocol family 1
[    0.661233] pci 0000:00:00.0: Limiting direct PCI/PCI transfers
[    0.664904] pci 0000:00:01.0: Activating ISA DMA hang workarounds
[    0.668986] pci 0000:00:02.0: Video device with shadowed ROM at [mem 0x000c0000-0x000dffff]
[    0.674136] Unpacking initramfs...
[    1.004230] Freeing initrd memory: 19528K
[    1.006791] clocksource: tsc: mask: 0xffffffffffffffff max_cycles: 0x213d5547ada, max_idle_ns: 440795232790 ns
[    1.014712] platform rtc_cmos: registered platform RTC device (no PNP device found)
[    1.020022] Scanning for low memory corruption every 60 seconds
[    1.025090] Initialise system trusted keyrings
[    1.028074] Key type blacklist registered
[    1.030928] workingset: timestamp_bits=36 max_order=19 bucket_order=0
[    1.036362] zbud: loaded
[    1.038989] squashfs: version 4.0 (2009/01/31) Phillip Lougher
[    1.043431] fuse init (API version 7.26)
[    1.055665] Key type asymmetric registered
[    1.058560] Asymmetric key parser 'x509' registered
[    1.062792] Block layer SCSI generic (bsg) driver version 0.4 loaded (major 246)
[    1.068475] io scheduler noop registered
[    1.071214] io scheduler deadline registered
[    1.073928] io scheduler cfq registered (default)
[    1.077464] ACPI: AC Adapter [AC] (on-line)
[    1.080179] input: Power Button as /devices/LNXSYSTM:00/LNXPWRBN:00/input/input0
[    1.084630] ACPI: Power Button [PWRF]
[    1.086898] input: Sleep Button as /devices/LNXSYSTM:00/LNXSLPBN:00/input/input1
[    1.091532] ACPI: Sleep Button [SLPF]
[    1.096823] ACPI: Battery Slot [BAT0] (battery present)
[    1.100588] Serial: 8250/16550 driver, 32 ports, IRQ sharing enabled
[    1.130338] 00:02: ttyS0 at I/O 0x3f8 (irq = 4, base_baud = 115200) is a 16550A
[    1.140464] Linux agpgart interface v0.103
[    1.145537] loop: module loaded
[    1.148730] scsi host0: ata_piix
[    1.150978] scsi host1: ata_piix
[    1.153008] ata1: PATA max UDMA/33 cmd 0x1f0 ctl 0x3f6 bmdma 0xd000 irq 14
[    1.156971] ata2: PATA max UDMA/33 cmd 0x170 ctl 0x376 bmdma 0xd008 irq 15
[    1.161988] tun: Universal TUN/TAP device driver, 1.6
[    1.165502] PPP generic driver version 2.4.2
[    1.168267] ehci_hcd: USB 2.0 'Enhanced' Host Controller (EHCI) Driver
[    1.172125] ehci-pci: EHCI PCI platform driver
[    1.175447] ehci-platform: EHCI generic platform driver
[    1.178582] ohci_hcd: USB 1.1 'Open' Host Controller (OHCI) Driver
[    1.182162] ohci-pci: OHCI PCI platform driver
[    1.184849] ohci-platform: OHCI generic platform driver
[    1.188323] uhci_hcd: USB Universal Host Controller Interface driver
[    1.191953] i8042: PNP: PS/2 Controller [PNP0303:PS2K,PNP0f03:PS2M] at 0x60,0x64 irq 1,12
[    1.198774] serio: i8042 KBD port at 0x60,0x64 irq 1
[    1.201806] serio: i8042 AUX port at 0x60,0x64 irq 12
[    1.205100] mousedev: PS/2 mouse device common for all mice
[    1.210626] input: AT Translated Set 2 keyboard as /devices/platform/i8042/serio0/input/input2
[    1.212762] rtc_cmos rtc_cmos: rtc core: registered rtc_cmos as rtc0
[    1.220310] rtc_cmos rtc_cmos: alarms up to one day, 114 bytes nvram
[    1.224477] i2c /dev entries driver
[    1.227656] device-mapper: uevent: version 1.0.3
[    1.228402] device-mapper: ioctl: 4.37.0-ioctl (2017-09-20) initialised: dm-devel@redhat.com
[    1.236179] ledtrig-cpu: registered to indicate activity on CPUs
[    1.241098] NET: Registered protocol family 10
[    1.248703] Segment Routing with IPv6
[    1.251220] NET: Registered protocol family 17
[    1.254664] Key type dns_resolver registered
[    1.258043] mce: Using 0 MCE banks
[    1.260549] RAS: Correctable Errors collector initialized.
[    1.264251] sched_clock: Marking stable (1264153542, 0)->(1846706709, -582553167)
[    1.269884] registered taskstats version 1
[    1.272723] Loading compiled-in X.509 certificates
[    1.279156] Loaded X.509 cert 'Build time autogenerated kernel key: b5b26778eaa3ab3a4a6cee031137706e947d12ad'
[    1.285687] Loaded X.509 cert 'Canonical Ltd. Live Patch Signing: 14df34d1a87cf37625abec039ef2bf521249b969'
[    1.292086] Loaded X.509 cert 'Canonical Ltd. Kernel Module Signing: 88f752e560a1e0737e31163a466ad7b70a850c19'
[    1.298350] blacklist: Loading compiled-in revocation X.509 certificates
[    1.302660] Loaded X.509 cert 'Canonical Ltd. Secure Boot Signing: 61482aa2830d0ab2ad5af10b7250da9033ddcef0'
[    1.309436] Loaded X.509 cert 'Canonical Ltd. Secure Boot Signing (2017): 242ade75ac4a15e50d50c84b0d45ff3eae707a03'
[    1.318656] Loaded X.509 cert 'Canonical Ltd. Secure Boot Signing (ESM 2018): 365188c1d374d6b07c3c8f240f8ef722433d6a8b'
[    1.332841] Loaded X.509 cert 'Canonical Ltd. Secure Boot Signing (2019): c0746fd6c5da3ae827864651ad66ae47fe24b3e8'
[    1.339770] Loaded X.509 cert 'Canonical Ltd. Secure Boot Signing (2021 v1): a8d54bbb3825cfb94fa13c9f8a594a195c107b8d'
[    1.347782] Loaded X.509 cert 'Canonical Ltd. Secure Boot Signing (2021 v2): 4cf046892d6fd3c9a5b03f98d845f90851dc6a8c'
[    1.356552] Loaded X.509 cert 'Canonical Ltd. Secure Boot Signing (2021 v3): 100437bb6de6e469b581e61cd66bce3ef4ed53af'
[    1.364247] Loaded X.509 cert 'Canonical Ltd. Secure Boot Signing (Ubuntu Core 2019): c1d57b8f6b743f23ee41f4f7ee292f06eecadfb9'
[    1.372358] zswap: loaded using pool lzo/zbud
[    1.389256] Key type big_key registered
[    1.391830] Key type trusted registered
[    1.397341] Key type encrypted registered
[    1.400068] AppArmor: AppArmor sha1 policy hashing enabled
[    1.403708] ima: No TPM chip found, activating TPM-bypass! (rc=-19)
[    1.407756] ima: Allocated hash algorithm: sha1
[    1.410851] evm: HMAC attrs: 0x1
[    1.413844]   Magic number: 11:286:793
[    1.416918] rtc_cmos rtc_cmos: setting system clock to 2023-06-18 16:46:47 UTC (1687106807)
[    1.422719] BIOS EDD facility v0.16 2004-Jun-25, 0 devices found
[    1.426510] EDD information not available.
[    1.431500] Freeing unused kernel image memory: 2480K
[    1.444876] Write protecting the kernel read-only data: 20480k
[    1.450657] Freeing unused kernel image memory: 2008K
[    1.455061] Freeing unused kernel image memory: 1820K
[    1.462605] x86/mm: Checked W+X mappings: passed, no W+X pages found.
[    1.467978] x86/mm: Checking user space page tables
[    1.474876] x86/mm: Checked W+X mappings: passed, no W+X pages found.
Loading, please wait...
starting version 237
[    1.557637] e1000: Intel(R) PRO/1000 Network Driver - version 7.3.21-k8-NAPI
[    1.562734] e1000: Copyright (c) 1999-2006 Intel Corporation.
[    1.574528] Fusion MPT base driver 3.04.20
[    1.577586] Copyright (c) 1999-2008 LSI Corporation
[    1.599712] AVX2 version of gcm_enc/dec engaged.
[    1.603404] AES CTR mode by8 optimization enabled
[    1.611947] Fusion MPT SPI Host driver 3.04.20
[    1.792986] input: ImExPS/2 Generic Explorer Mouse as /devices/platform/i8042/serio1/input/input4
[    2.122069] e1000 0000:00:03.0 eth0: (PCI:33MHz:32-bit) 02:3b:7b:b7:3b:2d
[    2.126766] e1000 0000:00:03.0 eth0: Intel(R) PRO/1000 Network Connection
[    2.611540] e1000 0000:00:08.0 eth1: (PCI:33MHz:32-bit) 08:00:27:1f:71:45
[    2.615916] e1000 0000:00:08.0 eth1: Intel(R) PRO/1000 Network Connection
[    2.623554] e1000 0000:00:03.0 enp0s3: renamed from eth0
[    2.628916] mptbase: ioc0: Initiating bringup
[    2.632208] e1000 0000:00:08.0 enp0s8: renamed from eth1
[    2.750641] ioc0: LSI53C1030 A0: Capabilities={Initiator}
[    3.016848] scsi host2: ioc0: LSI53C1030 A0, FwRev=00000000h, Ports=1, MaxQ=256, IRQ=20
[    3.196805] scsi 2:0:0:0: Direct-Access     VBOX     HARDDISK         1.0  PQ: 0 ANSI: 5
[    3.240572] scsi target2:0:0: Beginning Domain Validation
[    3.259518] scsi target2:0:0: Domain Validation skipping write tests
[    3.266639] scsi target2:0:0: Ending Domain Validation
[    3.272003] scsi target2:0:0: asynchronous
[    3.277705] scsi 2:0:1:0: Direct-Access     VBOX     HARDDISK         1.0  PQ: 0 ANSI: 5
[    3.316595] scsi target2:0:1: Beginning Domain Validation
[    3.333384] scsi target2:0:1: Domain Validation skipping write tests
[    3.340033] scsi target2:0:1: Ending Domain Validation
[    3.345182] scsi target2:0:1: asynchronous
[    3.357811] sd 2:0:0:0: Attached scsi generic sg0 type 0
[    3.361840] sd 2:0:0:0: [sda] 83886080 512-byte logical blocks: (42.9 GB/40.0 GiB)
[    3.366671] sd 2:0:0:0: [sda] Write Protect is off
[    3.370255] sd 2:0:1:0: Attached scsi generic sg1 type 0
[    3.373923] sd 2:0:1:0: [sdb] 20480 512-byte logical blocks: (10.5 MB/10.0 MiB)
[    3.378710] sd 2:0:0:0: [sda] Incomplete mode parameter data
[    3.382985] sd 2:0:0:0: [sda] Assuming drive cache: write through
[    3.384192] sd 2:0:1:0: [sdb] Write Protect is off
[    3.391439] sd 2:0:1:0: [sdb] Incomplete mode parameter data
[    3.394921] sd 2:0:1:0: [sdb] Assuming drive cache: write through
[    3.400294]  sda: sda1
[    3.403150] sd 2:0:1:0: [sdb] Attached SCSI disk
[    3.406793] sd 2:0:0:0: [sda] Attached SCSI disk
Begin: Loading essential drivers ... [    5.344519] raid6: sse2x1   gen() 14489 MB/s
[    5.448984] raid6: sse2x1   xor() 10616 MB/s
[    5.529470] raid6: sse2x2   gen() 17967 MB/s
[    5.607898] raid6: sse2x2   xor() 16598 MB/s
[    5.688329] raid6: sse2x4   gen() 25800 MB/s
[    5.798686] raid6: sse2x4   xor() 20085 MB/s
[    5.872800] raid6: avx2x1   gen() 26595 MB/s
[    5.926002] raid6: avx2x1   xor() 16610 MB/s
[    5.976169] raid6: avx2x2   gen() 30354 MB/s
[    6.028802] raid6: avx2x2   xor() 23251 MB/s
[    6.081435] raid6: avx2x4   gen() 31123 MB/s
[    6.140731] raid6: avx2x4   xor() 17776 MB/s
[    6.145814] raid6: using algorithm avx2x4 gen() 31123 MB/s
[    6.149489] raid6: .... xor() 17776 MB/s, rmw enabled
[    6.153909] raid6: using avx2x2 recovery algorithm
[    6.159707] xor: automatically using best checksumming function   avx       
[    6.165109] async_tx: api initialized (async)
done.
Begin: Running /scripts/init-premount ... done.
Begin: Mounting root file system ... Begin: Running /scripts/local-top ... done.
Begin: Running /scripts/local-premount ... [    6.218482] Btrfs loaded, crc32c=crc32c-intel
Scanning for Btrfs filesystems
done.
Warning: fsck not present, so skipping root file system
[    6.255876] EXT4-fs (sda1): mounted filesystem with ordered data mode. Opts: (null)
done.
Begin: Running /scripts/local-bottom ... done.
Begin: Running /scripts/init-bottom ... done.
[    6.481918] ip_tables: (C) 2000-2006 Netfilter Core Team
[    6.496327] systemd[1]: systemd 237 running in system mode. (+PAM +AUDIT +SELINUX +IMA +APPARMOR +SMACK +SYSVINIT +UTMP +LIBCRYPTSETUP +GCRYPT +GNUTLS +ACL +XZ +LZ4 +SECCOMP +BLKID +ELFUTILS +KMOD -IDN2 +IDN -PCRE2 default-hierarchy=hybrid)
[    6.509049] systemd[1]: Detected virtualization oracle.
[    6.512795] systemd[1]: Detected architecture x86-64.

Welcome to [1mUbuntu 18.04.6 LTS[0m!

[    6.533770] systemd[1]: Set hostname to <ubuntu>.
[    6.540228] systemd[1]: Initializing machine ID from random generator.
[    6.545824] systemd[1]: Installed transient /etc/machine-id file.
[    6.813914] systemd[1]: Reached target User and Group Name Lookups.
[[0;32m  OK  [0m] Reached target User and Group Name Lookups.
[    6.824573] systemd[1]: Created slice User and Session Slice.
[[0;32m  OK  [0m] Created slice User and Session Slice.
[    6.829301] systemd[1]: Reached target System Time Synchronized.
[[0;32m  OK  [0m] Reached target System Time Synchronized.
[    6.834434] systemd[1]: Reached target Swap.
[[0;32m  OK  [0m] Reached target Swap.
[[0;32m  OK  [0m] Set up automount Arbitrary Executab…rmats File System Automount Point.
[[0;32m  OK  [0m] Started Forward Password Requests to Wall Directory Watch.
[[0;32m  OK  [0m] Reached target Mounting snaps.
[[0;32m  OK  [0m] Created slice System Slice.
[[0;32m  OK  [0m] Listening on Network Service Netlink Socket.
[[0;32m  OK  [0m] Listening on LVM2 metadata daemon socket.
[[0;32m  OK  [0m] Listening on /dev/initctl Compatibility Named Pipe.
[[0;32m  OK  [0m] Listening on Journal Socket.
         Starting Uncomplicated firewall...
         Starting Set the console keyboard layout...
         Mounting POSIX Message Queue File System...
[[0;32m  OK  [0m] Listening on udev Kernel Socket.
[[0;32m  OK  [0m] Listening on fsck to fsckd communication Socket.
         Starting File System Check on Root Device...
[[0;32m  OK  [0m] Listening on Device-mapper event daemon FIFOs.
         Starting Load Kernel Modules...
         Starting Create list of required st…ce nodes for the current kernel...
[[0;32m  OK  [0m] Listening on Journal Audit Socket.
[[0;32m  OK  [0m] Listening on LVM2 poll daemon socket.
[[0;32m  OK  [0m] Reached target Slices.
[    6.908965] Loading iSCSI transport class v2.0-870.
[    6.918814] iscsi: registered transport (tcp)
         Mounting Huge Pages File System...
         Starting Monitoring of LVM2 mirrors…ng dmeventd or progress polling...
         Mounting Kernel Debug File System...
[[0;32m  OK  [0m] Created slice system-serial\x2dgetty.slice.
[[0;32m  OK  [0m] Listening on Journal Socket (/dev/log).
[[0;32m  OK  [0m] Reached target Mounted snaps.
[[0;32m  OK  [0m] Listening on Syslog Socket.
         Starting Journal Service...
[[0;32m  OK  [0m] Listening on udev Control Socket.
         Starting udev Coldplug all Devices...
[[0;32m  OK  [0m] Started Uncomplicated firewall.
[[0;32m  OK  [0m] Mounted POSIX Message Queue File System.
[[0;32m  OK  [0m] Started Create list of required sta…vice nodes for the current kernel.
[[0;32m  OK  [0m] Mounted Huge Pages File System.
[[0;32m  OK  [0m] Started File System Check on Root Device.
[[0;32m  OK  [0m] Mounted Kernel Debug File System.
[[0;32m  OK  [0m] Started File System Check Daemon to report status.
         Starting Remount Root and Kernel File Systems...
[    6.995900] iscsi: registered transport (iser)
         Starting Create Static Device Nodes in /dev...
[[0;32m  OK  [0m] Started Load Kernel Modules.
         Mounting FUSE Control File System...
         Starting Apply Kernel Variables...
         Mounting Kernel Configuration File System...
[[0;32m  OK  [0m] Mounted FUSE Control File System.
[[0;32m  OK  [0m] Mounted Kernel Configuration File System.
[[0;32m  OK  [0m] Started Journal Service.
[[0;32m  OK  [0m] Started udev Coldplug all Devices.
[[0;32m  OK  [0m] Started Create Static Device Nodes in /dev.
[[0;32m  OK  [0m] Started Remount Root and Kernel File Systems.
         Starting Load/Save Random Seed...
         Starting Flush Journal to Persistent Storage...
         Starting udev Kernel Device Manager...
[[0;32m  OK  [0m] Started Apply Kernel Variables.
[[0;32m  OK  [0m] Started Load/Save Random Seed.
[[0;32m  OK  [0m] Started LVM2 metadata daemon.
[[0;32m  OK  [0m] Started udev Kernel Device Manager.
[[0;32m  OK  [0m] Started Flush Journal to Persistent Storage.
[[0;32m  OK  [0m] Started Monitoring of LVM2 mirrors,…sing dmeventd or progress polling.
[[0;32m  OK  [0m] Found device /dev/ttyS0.
[[0;32m  OK  [0m] Listening on Load/Save RF Kill Switch Status /dev/rfkill Watch.
         Mounting Arbitrary Executable File Formats File System...
[[0;32m  OK  [0m] Mounted Arbitrary Executable File Formats File System.
[[0;32m  OK  [0m] Started Set the console keyboard layout.
[[0;32m  OK  [0m] Reached target Local File Systems (Pre).
[[0;32m  OK  [0m] Reached target Local File Systems.
         Starting ebtables ruleset management...
         Starting Tell Plymouth To Write Out Runtime Data...
         Starting Set console font and keymap...
         Starting AppArmor initialization...
         Starting Commit a transient machine-id on disk...
         Starting Create Volatile Files and Directories...
[[0;32m  OK  [0m] Started Dispatch Password Requests to Console Directory Watch.
[[0;32m  OK  [0m] Reached target Local Encrypted Volumes.
[[0;32m  OK  [0m] Started Tell Plymouth To Write Out Runtime Data.
[[0;32m  OK  [0m] Started Create Volatile Files and Directories.
         Starting Update UTMP about System Boot/Shutdown...
[[0;32m  OK  [0m] Started Update UTMP about System Boot/Shutdown.
[[0;32m  OK  [0m] Started ebtables ruleset management.
[[0;32m  OK  [0m] Started Commit a transient machine-id on disk.
[[0;32m  OK  [0m] Started AppArmor initialization.
         Starting Load AppArmor profiles managed internally by snapd...
         Starting Initial cloud-init job (pre-networking)...
[[0;32m  OK  [0m] Started Load AppArmor profiles managed internally by snapd.
[[0;32m  OK  [0m] Started Set console font and keymap.
[   10.148697] cloud-init[849]: Cloud-init v. 23.1.2-0ubuntu0~18.04.1 running 'init-local' at Sun, 18 Jun 2023 16:46:55 +0000. Up 9.85 seconds.
[[0;32m  OK  [0m] Started Initial cloud-init job (pre-networking).
[[0;32m  OK  [0m] Reached target Network (Pre).
         Starting Network Service...
[[0;32m  OK  [0m] Started Network Service.
         Starting Wait for Network to be Configured...
         Starting Network Name Resolution...
[[0;32m  OK  [0m] Started Network Name Resolution.
[[0;32m  OK  [0m] Reached target Network.
[[0;32m  OK  [0m] Reached target Host and Network Name Lookups.
[[0;32m  OK  [0m] Started Wait for Network to be Configured.
         Starting Initial cloud-init job (metadata service crawler)...
[   12.826372] cloud-init[1017]: Cloud-init v. 23.1.2-0ubuntu0~18.04.1 running 'init' at Sun, 18 Jun 2023 16:46:58 +0000. Up 12.68 seconds.
[   12.831371] cloud-init[1017]: ci-info: ++++++++++++++++++++++++++++++++++++++Net device info+++++++++++++++++++++++++++++++++++++++
[   12.836659] cloud-init[1017]: ci-info: +--------+-------+----------------------------+---------------+--------+-------------------+
[   12.841954] cloud-init[1017]: ci-info: | Device |   Up  |          Address           |      Mask     | Scope  |     Hw-Address    |
[   12.847367] cloud-init[1017]: ci-info: +--------+-------+----------------------------+---------------+--------+-------------------+
[   12.852255] cloud-init[1017]: ci-info: | enp0s3 |  True |         10.0.2.15          | 255.255.255.0 | global | 02:3b:7b:b7:3b:2d |
[   12.857810] cloud-init[1017]: ci-info: | enp0s3 |  True | fe80::3b:7bff:feb7:3b2d/64 |       .       |  link  | 02:3b:7b:b7:3b:2d |
[   12.863616] cloud-init[1017]: ci-info: | enp0s8 | False |             .              |       .       |   .    | 08:00:27:1f:71:45 |
[   12.868303] cloud-init[1017]: ci-info: |   lo   |  True |         127.0.0.1          |   255.0.0.0   |  host  |         .         |
[   12.874548] cloud-init[1017]: ci-info: |   lo   |  True |          ::1/128           |       .       |  host  |         .         |
[   12.879435] cloud-init[1017]: ci-info: +--------+-------+----------------------------+---------------+--------+-------------------+
[   12.884263] cloud-init[1017]: ci-info: ++++++++++++++++++++++++++++Route IPv4 info+++++++++++++++++++++++++++++
[   12.890188] cloud-init[1017]: ci-info: +-------+-------------+----------+-----------------+-----------+-------+
[   12.894756] cloud-init[1017]: ci-info: | Route | Destination | Gateway  |     Genmask     | Interface | Flags |
[   12.899552] cloud-init[1017]: ci-info: +-------+-------------+----------+-----------------+-----------+-------+
[   12.904136] cloud-init[1017]: ci-info: |   0   |   0.0.0.0   | 10.0.2.2 |     0.0.0.0     |   enp0s3  |   UG  |
[   12.909397] cloud-init[1017]: ci-info: |   1   |   10.0.2.0  | 0.0.0.0  |  255.255.255.0  |   enp0s3  |   U   |
[   12.913862] cloud-init[1017]: ci-info: |   2   |   10.0.2.2  | 0.0.0.0  | 255.255.255.255 |   enp0s3  |   UH  |
[   12.918387] cloud-init[1017]: ci-info: +-------+-------------+----------+-----------------+-----------+-------+
[   12.923173] cloud-init[1017]: ci-info: +++++++++++++++++++Route IPv6 info+++++++++++++++++++
[   12.928509] cloud-init[1017]: ci-info: +-------+-------------+---------+-----------+-------+
[   12.932666] cloud-init[1017]: ci-info: | Route | Destination | Gateway | Interface | Flags |
[   12.937396] cloud-init[1017]: ci-info: +-------+-------------+---------+-----------+-------+
[   12.943062] cloud-init[1017]: ci-info: |   1   |  fe80::/64  |    ::   |   enp0s3  |   U   |
[   12.947338] cloud-init[1017]: ci-info: |   3   |    local    |    ::   |   enp0s3  |   U   |
[   12.951641] cloud-init[1017]: ci-info: |   4   |   ff00::/8  |    ::   |   enp0s3  |   U   |
[   12.955978] cloud-init[1017]: ci-info: +-------+-------------+---------+-----------+-------+
[   13.580006] cloud-init[1017]: Generating public/private rsa key pair.
[   13.583435] cloud-init[1017]: Your identification has been saved in /etc/ssh/ssh_host_rsa_key.
[   13.587199] cloud-init[1017]: Your public key has been saved in /etc/ssh/ssh_host_rsa_key.pub.
[   13.591181] cloud-init[1017]: The key fingerprint is:
[   13.594335] cloud-init[1017]: SHA256:iRnJF9pMA1XdRRB4eB82VoxJqPejlbOvvYTnd8eY9hA root@ubuntu-bionic
[   13.599157] cloud-init[1017]: The key's randomart image is:
[   13.602887] cloud-init[1017]: +---[RSA 2048]----+
[   13.606109] cloud-init[1017]: |      .o=... *+O=|
[   13.609095] cloud-init[1017]: |     . * o  = *=.|
[   13.612241] cloud-init[1017]: |      = +  . oo.o|
[   13.615772] cloud-init[1017]: |       = .. .   .|
[   13.619270] cloud-init[1017]: |      o S  . .E. |
[   13.622958] cloud-init[1017]: |              B. |
[   13.626357] cloud-init[1017]: |             +.X |
[   13.629600] cloud-init[1017]: |            . Oo=|
[   13.631773] cloud-init[1017]: |             ..*O|
[   13.635565] cloud-init[1017]: +----[SHA256]-----+
[   13.638629] cloud-init[1017]: Generating public/private dsa key pair.
[   13.642311] cloud-init[1017]: Your identification has been saved in /etc/ssh/ssh_host_dsa_key.
[   13.646354] cloud-init[1017]: Your public key has been saved in /etc/ssh/ssh_host_dsa_key.pub.
[   13.650856] cloud-init[1017]: The key fingerprint is:
[   13.654494] [[0;32m  OK  [0m] Started Initial cloud-init job (metadata service crawler).
[[0;32m  OK  [0m] Reached target System Initialization.
[[0;32m  OK  [0mcloud-init[1017]: SHA256:KZBaIOJ6RlXt/im8ISOaWK/28OOZNRVRl3VTgwERb0k root@ubuntu-bionic
[   13.663052] cloud-init[1017]: The key's randomart image is:
[   13.663377] cloud-init[1017]: +---[DSA 1024]----+
[   13.663771] cloud-init[1017]: |o . .......+=E+o+|
[   13.664189] cloud-init[1017]: |o. o .  .. .+...o|
[   13.664579] cloud-init[1017]: | .. +  ..    +   |
[   13.664961] cloud-init[1017]: |.. o .  .o  .    |
[   13.665311] cloud-init[1017]: |. +   ..S        |
[   13.665673] cloud-init[1017]: | o     o.        |
[   13.666056] cloud-init[1017]: |  o . =... .     |
[   13.666407] cloud-init[1017]: | o.*.= +o.o      |
[   13.666766] cloud-init[1017]: |..++B.  .o       |
[   13.667099] cloud-init[1017]: +----[SHA256]-----+
[   13.667464] cloud-init[1017]: Generating public/private ecdsa key pair.
[   13.667818] cloud-init[1017]: Your identification has been saved in /etc/ssh/ssh_host_ecdsa_key.
[   13.668183] cloud-init[1017]: Your public key has been saved in /etc/ssh/ssh_host_ecdsa_key.pub.
[   13.668526] cloud-init[1017]: The key fingerprint is:
[   13.668897] cloud-init[1017]: SHA256:aH1o3rbIwORoKIjWNPCbf3qPBatn5h1f/lovi6Q4cxc root@ubuntu-bionic
[   13.669218] cloud-init[1017]: The key's randomart image is:
[   13.669569] cloud-init[1017]: +---[ECDSA 256]---+
[   13.669898] cloud-init[1017]: |                 |
[   13.670233] cloud-init[1017]: |                 |
[   13.670567] cloud-init[1017]: | .               |
[   13.670917] cloud-init[1017]: |  o    o .       |
[   13.671249] cloud-init[1017]: |   +  +.S .      |
[   13.671584] cloud-init[1017]: |o o.+* ooo  E    |
[   13.671920] cloud-init[1017]: |+..+o +..oo .o . |
[   13.672641] cloud-init[1017]: |.. .. .O*++++.o .|
[   13.672946] cloud-init[1017]: |     +Oo=*oo.o++.|
[   13.673297] cloud-init[1017]: +----[SHA256]-----+
[   13.673620] cloud-init[1017]: Generating public/private ed25519 key pair.
[   13.674159] cloud-init[1017]: Your identification has been saved in /etc/ssh/ssh_host_ed25519_key.
[   13.675002] cloud-init[1017]: Your public key has been saved in /etc/ssh/ssh_host_ed25519_key.pub.
[   13.675320] cloud-init[1017]: The key fingerprint is:
[   13.676069] cloud-init[1017]: SHA256:sQQGe6PCg/TVSJpf7Re3crl7Kx/oJES+fEuOWwdMohw root@ubuntu-bionic
[   13.676374] cloud-init[1017]: The key's randomart image is:
[   13.677055] cloud-init[1017]: +--[ED25519 256]--+
[   13.678185] cloud-init[1017]: |    .oo          |
[   13.678549] cloud-init[1017]: |    +oo..        |
[   13.678880] cloud-init[1017]: | . o.ooooE + o   |
[   13.679224] cloud-init[1017]: |.o. oo.ooo= * o  |
[   13.679662] cloud-init[1017]: |. +...  S+ = *   |
[   13.679959] cloud-init[1017]: |   o      + + +  |
[   13.680334] cloud-init[1017]: |           + B o |
[   13.680669] cloud-init[1017]: |            X.+..|
[   13.681039] cloud-init[1017]: |           o.=+o.|
[   13.681343] cloud-init[1017]: +----[SHA256]-----+
] Listening on Open-iSCSI iscsid Socket.
[[0;32m  OK  [0m] Listening on ACPID Listen Socket.
         Starting Socket activation for snappy daemon.
[[0;32m  OK  [0m] Listening on D-Bus System Message Bus Socket.
[[0;32m  OK  [0m] Started Daily Cleanup of Temporary Directories.
[[0;32m  OK  [0m] Started ACPI Events Check.
[[0;32m  OK  [0m] Reached target Paths.
[[0;32m  OK  [0m] Started Ubuntu Advantage Timer for running repeated jobs.
[[0;32m  OK  [0m] Listening on UUID daemon activation socket.
[[0;32m  OK  [0m] Started Daily apt download activities.
[[0;32m  OK  [0m] Started Daily apt upgrade and clean activities.
[[0;32m  OK  [0m] Listening on cloud-init hotplug hook socket.
[[0;32m  OK  [0m] Started Message of the Day.
         Starting LXD - unix socket.
[[0;32m  OK  [0m] Started Discard unused blocks once a week.
[[0;32m  OK  [0m] Reached target Timers.
[[0;32m  OK  [0m] Reached target Cloud-config availability.
[[0;32m  OK  [0m] Reached target Network is Online.
         Starting Availability of block devices...
[[0;32m  OK  [0m] Reached target Remote File Systems (Pre).
[[0;32m  OK  [0m] Reached target Remote File Systems.
[[0;32m  OK  [0m] Listening on Socket activation for snappy daemon.
[[0;32m  OK  [0m] Listening on LXD - unix socket.
[[0;32m  OK  [0m] Reached target Sockets.
[[0;32m  OK  [0m] Reached target Basic System.
         Starting Pollinate to seed the pseudo random number generator...
         Starting LSB: automatic crash report generation...
[[0;32m  OK  [0m] Started irqbalance daemon.
         Starting Login Service...
         Starting Permit User Sessions...
         Starting System Logging Service...
         Starting Accounts Service...
[[0;32m  OK  [0m] Started FUSE filesystem for LXC.
         Starting Virtualbox guest utils...
         Starting LXD - container startup/shutdown...
         Starting Dispatcher daemon for systemd-networkd...
[[0;32m  OK  [0m] Started Deferred execution scheduler.
[[0;32m  OK  [0m] Started Regular background program processing daemon.
[[0;32m  OK  [0m] Reached target Login Prompts (Pre).
[[0;32m  OK  [0m] Started D-Bus System Message Bus.
[[0;32m  OK  [0m] Started Login Service.
[[0;32m  OK  [0m] Started Unattended Upgrades Shutdown.
         Starting Snap Daemon...
         Starting LSB: Record successful boot for GRUB...
[[0;32m  OK  [0m] Started System Logging Service.
[[0;32m  OK  [0m] Started Availability of block devices.
[[0;32m  OK  [0m] Started Permit User Sessions.
[[0;32m  OK  [0m] Started LXD - container startup/shutdown.
         Starting Authorization Manager...
         Starting Hold until boot process finishes up...
         Starting Terminate Plymouth Boot Screen...
[[0;32m  OK  [0m] Started Hold until boot process finishes up.
[[0;32m  OK  [0m] Started Serial Getty on ttyS0.
         Starting Set console scheme...
[[0;32m  OK  [0m] Started Terminate Plymouth Boot Screen.
[[0;32m  OK  [0m] Started LSB: automatic crash report generation.
[[0;32m  OK  [0m] Started Authorization Manager.
[[0;32m  OK  [0m] Started Accounts Service.
[[0;32m  OK  [0m] Started Set console scheme.
[[0;32m  OK  [0m] Created slice system-getty.slice.
[[0;32m  OK  [0m] Started Getty on tty1.
[[0;32m  OK  [0m] Reached target Login Prompts.
[[0;32m  OK  [0m] Started LSB: Record successful boot for GRUB.
[[0;32m  OK  [0m] Started Virtualbox guest utils.
[[0;32m  OK  [0m] Started Dispatcher daemon for systemd-networkd.
[[0;32m  OK  [0m] Started Snap Daemon.
         Starting Wait until snapd is fully seeded...
[[0;32m  OK  [0m] Started Pollinate to seed the pseudo random number generator.
         Starting OpenBSD Secure Shell server...
[[0;32m  OK  [0m] Started OpenBSD Secure Shell server.
         Starting Time & Date Service...
[[0;32m  OK  [0m] Created slice User Slice of vagrant.
[[0;32m  OK  [0m] Started Time & Date Service.
[[0;32m  OK  [0m] Started Session 1 of user vagrant.
         Starting User Manager for UID 1000...
[[0;32m  OK  [0m] Started User Manager for UID 1000.
[[0;32m  OK  [0m] Started Session 3 of user vagrant.

Ubuntu 18.04.6 LTS kube-nfs ttyS0

kube-nfs login: [   23.079309] cloud-init[2407]: Cloud-init v. 23.1.2-0ubuntu0~18.04.1 running 'modules:config' at Sun, 18 Jun 2023 16:47:08 +0000. Up 22.74 seconds.
ci-info: no authorized SSH keys fingerprints found for user ubuntu.
<14>Jun 18 16:47:09 cloud-init: #############################################################
<14>Jun 18 16:47:09 cloud-init: -----BEGIN SSH HOST KEY FINGERPRINTS-----
<14>Jun 18 16:47:09 cloud-init: 1024 SHA256:KZBaIOJ6RlXt/im8ISOaWK/28OOZNRVRl3VTgwERb0k root@ubuntu-bionic (DSA)
<14>Jun 18 16:47:09 cloud-init: 256 SHA256:aH1o3rbIwORoKIjWNPCbf3qPBatn5h1f/lovi6Q4cxc root@ubuntu-bionic (ECDSA)
<14>Jun 18 16:47:09 cloud-init: 256 SHA256:sQQGe6PCg/TVSJpf7Re3crl7Kx/oJES+fEuOWwdMohw root@ubuntu-bionic (ED25519)
<14>Jun 18 16:47:09 cloud-init: 2048 SHA256:iRnJF9pMA1XdRRB4eB82VoxJqPejlbOvvYTnd8eY9hA root@ubuntu-bionic (RSA)
<14>Jun 18 16:47:09 cloud-init: -----END SSH HOST KEY FINGERPRINTS-----
<14>Jun 18 16:47:09 cloud-init: #############################################################
-----BEGIN SSH HOST KEY KEYS-----
ecdsa-sha2-nistp256 AAAAE2VjZHNhLXNoYTItbmlzdHAyNTYAAAAIbmlzdHAyNTYAAABBBL2RLRlBxEqBpD5nY0RkgM/WcdmkQSVSg/2sg0zS5vpsqhT7vg+8ej86syRkcZGw/ajy5nihR/d/jwvhexABH40= root@ubuntu-bionic
ssh-ed25519 AAAAC3NzaC1lZDI1NTE5AAAAIDr2gwMHerXSLWxN/R1HdqGkHoqj0zwIS/z1tb2G7UJq root@ubuntu-bionic
ssh-rsa AAAAB3NzaC1yc2EAAAADAQABAAABAQC88Wta92c3R1JP5uPGKbvqdhvsCe0+SiB4KGvpzHK8T/J1NQwjNF1i4PJUVClE9nxPsz1lywcQFG0gXTiEzReglGpox9fC3boiFcu/CU9q5bvQSJn1+TtmpwyGqoC83jRyzfz+7VwXgaTX7gjnY2qxpzIJkGUo/ZwIzWQKdlEHghlyzUePAjzjZFKGUJJWR5DvjF4fqOIzayqWEMycVnpXwUAprCVJfGcxNZGVzwQsRu+NzWTIZVNK4khHndAU1OVfmgjeRzrPQi5dC79SHMpmHOnkPEVHyPNXKepGm2dIpE9jtr5OcyDtGUkWYfcT/kXhTCR4DAtrfuBBQNoGh/ZF root@ubuntu-bionic
-----END SSH HOST KEY KEYS-----
[   23.630630] cloud-init[2457]: Cloud-init v. 23.1.2-0ubuntu0~18.04.1 running 'modules:final' at Sun, 18 Jun 2023 16:47:09 +0000. Up 23.45 seconds.
[   23.630835] cloud-init[2457]: Cloud-init v. 23.1.2-0ubuntu0~18.04.1 finished at Sun, 18 Jun 2023 16:47:09 +0000. Datasource DataSourceNoCloud [seed=/dev/sdb][dsmode=net].  Up 23.59 seconds
